<?xml version="1.0" encoding="UTF-8"?>
<testsuite name="com.phonebook.tests.AddContactTests" tests="1" skipped="0" failures="0" errors="0" timestamp="2024-03-04T10:48:48" hostname="DESKTOP-IDPAKS2" time="2.24">
  <properties/>
  <testcase name="addContactPositiveTest" classname="com.phonebook.tests.AddContactTests" time="2.24"/>
  <system-out><![CDATA[11:48:37.087 [Test worker] INFO  com.phonebook.tests.TestBase -- Start test addContactPositiveTest with data: []
11:48:51.008 [Test worker] INFO  com.phonebook.tests.TestBase -- PASSED: addContactPositiveTest
11:48:51.008 [Test worker] INFO  com.phonebook.tests.TestBase -- Stop test
11:48:51.008 [Test worker] INFO  com.phonebook.tests.TestBase -- ********************************************************
]]></system-out>
  <system-err><![CDATA[]]></system-err>
</testsuite>
