<?xml version="1.0" encoding="UTF-8"?>
<testsuite name="com.phonebook.tests.HomePageTests" tests="1" skipped="0" failures="0" errors="0" timestamp="2024-03-04T10:48:35" hostname="DESKTOP-IDPAKS2" time="0.057">
  <properties/>
  <testcase name="isHomeComponentPresentTest" classname="com.phonebook.tests.HomePageTests" time="0.057"/>
  <system-out><![CDATA[11:48:35.174 [Test worker] INFO  com.phonebook.tests.TestBase -- Start test isHomeComponentPresentTest with data: []
11:48:35.283 [Test worker] INFO  com.phonebook.tests.TestBase -- PASSED: isHomeComponentPresentTest
11:48:35.284 [Test worker] INFO  com.phonebook.tests.TestBase -- Stop test
11:48:35.284 [Test worker] INFO  com.phonebook.tests.TestBase -- ********************************************************
]]></system-out>
  <system-err><![CDATA[]]></system-err>
</testsuite>
