<?xml version="1.0" encoding="UTF-8"?>
<testsuite name="com.phonebook.tests.DeleteContactTests" tests="1" skipped="0" failures="0" errors="0" timestamp="2024-03-04T10:49:04" hostname="DESKTOP-IDPAKS2" time="11.616">
  <properties/>
  <testcase name="removeContactTest" classname="com.phonebook.tests.DeleteContactTests" time="11.616"/>
  <system-out><![CDATA[11:48:51.009 [Test worker] INFO  com.phonebook.tests.TestBase -- Start test removeContactTest with data: []
11:49:15.753 [Test worker] INFO  com.phonebook.tests.TestBase -- PASSED: removeContactTest
11:49:15.753 [Test worker] INFO  com.phonebook.tests.TestBase -- Stop test
11:49:15.753 [Test worker] INFO  com.phonebook.tests.TestBase -- ********************************************************
]]></system-out>
  <system-err><![CDATA[]]></system-err>
</testsuite>
