<?xml version="1.0" encoding="UTF-8"?>
<testsuite name="com.phonebook.tests.LoginTests" tests="1" skipped="0" failures="0" errors="0" timestamp="2024-03-04T10:48:35" hostname="DESKTOP-IDPAKS2" time="1.763">
  <properties/>
  <testcase name="loginPositiveTest" classname="com.phonebook.tests.LoginTests" time="1.763"/>
  <system-out><![CDATA[11:48:35.298 [Test worker] INFO  com.phonebook.tests.TestBase -- Start test loginPositiveTest with data: []
11:48:37.080 [Test worker] INFO  com.phonebook.tests.TestBase -- PASSED: loginPositiveTest
11:48:37.084 [Test worker] INFO  com.phonebook.tests.TestBase -- Stop test
11:48:37.084 [Test worker] INFO  com.phonebook.tests.TestBase -- ********************************************************
]]></system-out>
  <system-err><![CDATA[]]></system-err>
</testsuite>
